<?xml version="1.0" encoding="UTF-8"?>
<!-- Generated by org.testng.reporters.JUnitReportReporter -->
<testsuite skipped="0" hostname="localhost.localdomain" name="project1.test1" tests="1" failures="0" timestamp="14 Aug 2019 14:02:00 GMT" time="5.355" errors="0">
  <testcase name="thetest" time="5.355" classname="project1.test1"/>
</testsuite> <!-- project1.test1 -->
