<?xml version="1.0" encoding="UTF-8"?>
<!-- Generated by org.testng.reporters.JUnitReportReporter -->
<testsuite skipped="0" hostname="localhost.localdomain" name="project1.additiontest" tests="2" failures="0" timestamp="14 Aug 2019 14:02:00 GMT" time="0.005" errors="0">
  <testcase name="testDiv" time="0.001" classname="project1.additiontest"/>
  <testcase name="testAdd" time="0.004" classname="project1.additiontest"/>
</testsuite> <!-- project1.additiontest -->
